Using pre-set license
Built from '2020.3/staging' branch; Version is '2020.3.4f1 (0abb6314276a) revision 703331'; Using compiler version '192528614'; Build Type 'Release'
OS: 'Windows 7  (6.1.0) 64bit' Language: 'en' Physical Memory: 16384 MB
BatchMode: 1, IsHumanControllingUs: 0, StartBugReporterOnCrash: 0, Is64bit: 1, IsPro: 0

 COMMAND LINE ARGUMENTS:
E:\UnityVersions\2020.3.4f1\Editor\Unity.exe
-adb2
-batchMode
-noUpm
-name
AssetImportWorker0
-projectPath
C:/Users/user/Documents/GitHub/200138_BradleyWilliams_GX202_BiomeBasedFarming/GX202_SystemGame
-logFile
Logs/AssetImportWorker0.log
-srvPort
63781
Successfully changed project path to: C:/Users/user/Documents/GitHub/200138_BradleyWilliams_GX202_BiomeBasedFarming/GX202_SystemGame
C:/Users/user/Documents/GitHub/200138_BradleyWilliams_GX202_BiomeBasedFarming/GX202_SystemGame
Using Asset Import Pipeline V2.
Refreshing native plugins compatible for Editor in 30.19 ms, found 0 plugins.
Preloading 0 native plugins for Editor in 0.00 ms.
Initialize engine version: 2020.3.4f1 (0abb6314276a)
[Subsystems] Discovering subsystems at path E:/UnityVersions/2020.3.4f1/Editor/Data/Resources/UnitySubsystems
[Subsystems] Discovering subsystems at path C:/Users/user/Documents/GitHub/200138_BradleyWilliams_GX202_BiomeBasedFarming/GX202_SystemGame/Assets
GfxDevice: creating device client; threaded=0
d3d11: CreateDXGIFactory2(...) not found, fallbacking to CreateDXGIFactory1(...).
d3d11: QueryInterface(IDXGIFactory5) failed (80004002).
Direct3D:
    Version:  Direct3D 11.0 [level 11.0]
    Renderer: NVIDIA GeForce GTX 1660 (ID=0x2184)
    Vendor:   
    VRAM:     5983 MB
    Driver:   26.21.14.4614
Initialize mono
Mono path[0] = 'E:/UnityVersions/2020.3.4f1/Editor/Data/Managed'
Mono path[1] = 'E:/UnityVersions/2020.3.4f1/Editor/Data/MonoBleedingEdge/lib/mono/unityjit'
Mono config path = 'E:/UnityVersions/2020.3.4f1/Editor/Data/MonoBleedingEdge/etc'
Using monoOptions --debugger-agent=transport=dt_socket,embedding=1,server=y,suspend=n,address=127.0.0.1:56944
Begin MonoManager ReloadAssembly
Registering precompiled unity dll's ...
Register platform support module: E:/UnityVersions/2020.3.4f1/Editor/Data/PlaybackEngines/WindowsStandaloneSupport/UnityEditor.WindowsStandalone.Extensions.dll
Registered in 0.000646 seconds.
Native extension for WindowsStandalone target not found
Refreshing native plugins compatible for Editor in 30.32 ms, found 0 plugins.
Preloading 0 native plugins for Editor in 0.00 ms.
Mono: successfully reloaded assembly
- Completed reload, in  0.982 seconds
Platform modules already initialized, skipping
Registering precompiled user dll's ...
Registered in 0.000655 seconds.
Begin MonoManager ReloadAssembly
Native extension for WindowsStandalone target not found
Refreshing native plugins compatible for Editor in 30.99 ms, found 0 plugins.
Preloading 0 native plugins for Editor in 0.00 ms.
Mono: successfully reloaded assembly
- Completed reload, in  0.852 seconds
Platform modules already initialized, skipping
========================================================================
Worker process is ready to serve import requests
Launched and connected shader compiler UnityShaderCompiler.exe after 0.03 seconds
Refreshing native plugins compatible for Editor in 0.42 ms, found 0 plugins.
Preloading 0 native plugins for Editor in 0.00 ms.
Unloading 1589 Unused Serialized files (Serialized files now loaded: 0)
System memory in use before: 73.7 MB.
System memory in use after: 73.7 MB.

Unloading 13 unused Assets to reduce memory usage. Loaded Objects now: 2035.
Total: 2.280294 ms (FindLiveObjects: 0.188079 ms CreateObjectMapping: 0.080312 ms MarkObjects: 1.933901 ms  DeleteObjects: 0.076720 ms)

========================================================================
Received Import Request.
  path: Assets/Prefab/HUD.prefab
  artifactKey: Guid(9638bd91101c7f44da0ba87884af5869) Importer(815301076,1909f56bfc062723c751e8b465ee728b)
Start importing Assets/Prefab/HUD.prefab using Guid(9638bd91101c7f44da0ba87884af5869) Importer(815301076,1909f56bfc062723c751e8b465ee728b)  -> (artifact id: 'd1469f316bf0546b0887c523a3ac49af') in 0.081870 seconds
  Import took 0.084996 seconds .

========================================================================
Received Prepare
Refreshing native plugins compatible for Editor in 0.83 ms, found 0 plugins.
Preloading 0 native plugins for Editor in 0.00 ms.
Unloading 3 Unused Serialized files (Serialized files now loaded: 0)
System memory in use before: 42.0 MB.
System memory in use after: 42.1 MB.

Unloading 4 unused Assets to reduce memory usage. Loaded Objects now: 2037.
Total: 2.111716 ms (FindLiveObjects: 0.199112 ms CreateObjectMapping: 0.049265 ms MarkObjects: 1.800219 ms  DeleteObjects: 0.062607 ms)

========================================================================
Received Import Request.
  Time since last request: 356.534642 seconds.
  path: Assets/ScriptableObjects/ToolSeeds.asset
  artifactKey: Guid(bdbcdea4ec89ec742b1b536d394f83ed) Importer(815301076,1909f56bfc062723c751e8b465ee728b)
Start importing Assets/ScriptableObjects/ToolSeeds.asset using Guid(bdbcdea4ec89ec742b1b536d394f83ed) Importer(815301076,1909f56bfc062723c751e8b465ee728b)  -> (artifact id: '4771cf74f0c0b9a485d9c1f47fee6c4e') in 0.004756 seconds
  Import took 0.007811 seconds .

========================================================================
Received Import Request.
  Time since last request: 0.003528 seconds.
  path: Assets/ScriptableObjects/ToolSeeds.asset
  artifactKey: Guid(bdbcdea4ec89ec742b1b536d394f83ed) Importer(815301076,1909f56bfc062723c751e8b465ee728b)
Start importing Assets/ScriptableObjects/ToolSeeds.asset using Guid(bdbcdea4ec89ec742b1b536d394f83ed) Importer(815301076,1909f56bfc062723c751e8b465ee728b)  -> (artifact id: '4771cf74f0c0b9a485d9c1f47fee6c4e') in 0.002712 seconds
  Import took 0.005552 seconds .

========================================================================
Received Prepare
Registering precompiled user dll's ...
Registered in 0.000595 seconds.
Begin MonoManager ReloadAssembly
Native extension for WindowsStandalone target not found
Refreshing native plugins compatible for Editor in 0.30 ms, found 0 plugins.
Preloading 0 native plugins for Editor in 0.00 ms.
Mono: successfully reloaded assembly
- Completed reload, in  0.774 seconds
Platform modules already initialized, skipping
Refreshing native plugins compatible for Editor in 0.28 ms, found 0 plugins.
Preloading 0 native plugins for Editor in 0.00 ms.
Unloading 1582 Unused Serialized files (Serialized files now loaded: 0)
System memory in use before: 73.7 MB.
System memory in use after: 73.8 MB.

Unloading 6 unused Assets to reduce memory usage. Loaded Objects now: 2040.
Total: 2.394989 ms (FindLiveObjects: 0.211428 ms CreateObjectMapping: 0.057732 ms MarkObjects: 2.056806 ms  DeleteObjects: 0.067996 ms)

========================================================================
Received Prepare
Registering precompiled user dll's ...
Registered in 0.000562 seconds.
Begin MonoManager ReloadAssembly
Native extension for WindowsStandalone target not found
Refreshing native plugins compatible for Editor in 0.29 ms, found 0 plugins.
Preloading 0 native plugins for Editor in 0.00 ms.
Mono: successfully reloaded assembly
- Completed reload, in  0.776 seconds
Platform modules already initialized, skipping
Refreshing native plugins compatible for Editor in 0.27 ms, found 0 plugins.
Preloading 0 native plugins for Editor in 0.00 ms.
Unloading 1437 Unused Serialized files (Serialized files now loaded: 0)
System memory in use before: 70.7 MB.
System memory in use after: 70.7 MB.

Unloading 84 unused Assets to reduce memory usage. Loaded Objects now: 1964.
Total: 2.428345 ms (FindLiveObjects: 0.450568 ms CreateObjectMapping: 0.078003 ms MarkObjects: 1.797910 ms  DeleteObjects: 0.101096 ms)

========================================================================
Received Import Request.
  Time since last request: 266.765891 seconds.
  path: Assets/Scripts/Camera
  artifactKey: Guid(8e67cd21b60ef634285619eaea9a4aad) Importer(815301076,1909f56bfc062723c751e8b465ee728b)
Start importing Assets/Scripts/Camera using Guid(8e67cd21b60ef634285619eaea9a4aad) Importer(815301076,1909f56bfc062723c751e8b465ee728b)  -> (artifact id: '8fa1f0aa2490606928e0de383a426e30') in 0.005138 seconds
  Import took 0.008007 seconds .

========================================================================
Received Import Request.
  Time since last request: 104.727494 seconds.
  path: Assets/Scripts/Tools
  artifactKey: Guid(487c05a9341000c4f96713b1d7f6055e) Importer(815301076,1909f56bfc062723c751e8b465ee728b)
Start importing Assets/Scripts/Tools using Guid(487c05a9341000c4f96713b1d7f6055e) Importer(815301076,1909f56bfc062723c751e8b465ee728b)  -> (artifact id: '3bd376529223ee6508fb6b2653ffc160') in 0.002821 seconds
  Import took 0.005764 seconds .

========================================================================
Received Import Request.
  Time since last request: 10.001587 seconds.
  path: Assets/Cartoon_Farm_Crops/Materials
  artifactKey: Guid(ed2f31fb21219054bb18ac69bef05f7d) Importer(815301076,1909f56bfc062723c751e8b465ee728b)
Start importing Assets/Cartoon_Farm_Crops/Materials using Guid(ed2f31fb21219054bb18ac69bef05f7d) Importer(815301076,1909f56bfc062723c751e8b465ee728b)  -> (artifact id: '4836afdc99fc6e9d149920a30540c2e2') in 0.007128 seconds
  Import took 0.009705 seconds .

========================================================================
Received Import Request.
  Time since last request: 0.061865 seconds.
  path: Assets/Cartoon_Farm_Crops/Materials/Pumpkin_Fruit.mat
  artifactKey: Guid(d41c833ca4c077c449fc8b214fa60dc0) Importer(815301076,1909f56bfc062723c751e8b465ee728b)
Start importing Assets/Cartoon_Farm_Crops/Materials/Pumpkin_Fruit.mat using Guid(d41c833ca4c077c449fc8b214fa60dc0) Importer(815301076,1909f56bfc062723c751e8b465ee728b)  -> (artifact id: '55d90df726413e5256681baee27924b5') in 0.117150 seconds
  Import took 0.120344 seconds .

========================================================================
Received Import Request.
  Time since last request: 0.000268 seconds.
  path: Assets/Cartoon_Farm_Crops/Materials/Tomato_Plant.mat
  artifactKey: Guid(e292b51f6375349498f26d572faddc1c) Importer(815301076,1909f56bfc062723c751e8b465ee728b)
Start importing Assets/Cartoon_Farm_Crops/Materials/Tomato_Plant.mat using Guid(e292b51f6375349498f26d572faddc1c) Importer(815301076,1909f56bfc062723c751e8b465ee728b)  -> (artifact id: 'f28b7054eefa8d32ab981c5b2a1e6912') in 0.009504 seconds
  Import took 0.012247 seconds .

========================================================================
Received Import Request.
  Time since last request: 0.000196 seconds.
  path: Assets/Cartoon_Farm_Crops/Materials/Turnip_Fruit.mat
  artifactKey: Guid(5c447342ee33d5e41b58c66831ddd16d) Importer(815301076,1909f56bfc062723c751e8b465ee728b)
Start importing Assets/Cartoon_Farm_Crops/Materials/Turnip_Fruit.mat using Guid(5c447342ee33d5e41b58c66831ddd16d) Importer(815301076,1909f56bfc062723c751e8b465ee728b)  -> (artifact id: '4f6e53af2d0065dc2fbf2092534647f6') in 0.008461 seconds
  Import took 0.011526 seconds .

========================================================================
Received Import Request.
  Time since last request: 0.000265 seconds.
  path: Assets/Cartoon_Farm_Crops/Materials/Turnip_Plant.mat
  artifactKey: Guid(ee377534d2cf3e243ab8ce782be8b5ed) Importer(815301076,1909f56bfc062723c751e8b465ee728b)
Start importing Assets/Cartoon_Farm_Crops/Materials/Turnip_Plant.mat using Guid(ee377534d2cf3e243ab8ce782be8b5ed) Importer(815301076,1909f56bfc062723c751e8b465ee728b)  -> (artifact id: '9b81d5476aaf440612e1ef6cfeeddbff') in 0.016420 seconds
  Import took 0.020253 seconds .

========================================================================
Received Import Request.
  Time since last request: 0.000288 seconds.
  path: Assets/Cartoon_Farm_Crops/Materials/Pumpkin_Plant.mat
  artifactKey: Guid(0273778534c5ff64ead5f799219ca127) Importer(815301076,1909f56bfc062723c751e8b465ee728b)
Start importing Assets/Cartoon_Farm_Crops/Materials/Pumpkin_Plant.mat using Guid(0273778534c5ff64ead5f799219ca127) Importer(815301076,1909f56bfc062723c751e8b465ee728b)  -> (artifact id: 'eafda8932cc31ab7450c1cb008348679') in 0.016195 seconds
  Import took 0.019460 seconds .

========================================================================
Received Import Request.
  Time since last request: 0.000176 seconds.
  path: Assets/Cartoon_Farm_Crops/Materials/Tomato_Fruit.mat
  artifactKey: Guid(388986c9e8f85524db50964a7d9d5052) Importer(815301076,1909f56bfc062723c751e8b465ee728b)
Start importing Assets/Cartoon_Farm_Crops/Materials/Tomato_Fruit.mat using Guid(388986c9e8f85524db50964a7d9d5052) Importer(815301076,1909f56bfc062723c751e8b465ee728b)  -> (artifact id: 'b7288842a3ebb83c8e807fd0cfbd73c5') in 0.009931 seconds
  Import took 0.012744 seconds .

========================================================================
Received Import Request.
  Time since last request: 1.436000 seconds.
  path: Assets/Cartoon_Farm_Crops/Meshes
  artifactKey: Guid(f34602e9e2a82004b89295250dc880e8) Importer(815301076,1909f56bfc062723c751e8b465ee728b)
Start importing Assets/Cartoon_Farm_Crops/Meshes using Guid(f34602e9e2a82004b89295250dc880e8) Importer(815301076,1909f56bfc062723c751e8b465ee728b)  -> (artifact id: '496b0c74ba6ba5c83a3a75eb68384203') in 0.002897 seconds
  Import took 0.005942 seconds .

========================================================================
Received Import Request.
  Time since last request: 2.729804 seconds.
  path: Assets/Cartoon_Farm_Crops/Scenes
  artifactKey: Guid(2d31bdbebf440f642822ffc9caace8df) Importer(815301076,1909f56bfc062723c751e8b465ee728b)
Start importing Assets/Cartoon_Farm_Crops/Scenes using Guid(2d31bdbebf440f642822ffc9caace8df) Importer(815301076,1909f56bfc062723c751e8b465ee728b)  -> (artifact id: '04cfa2b5b8c2666c1cc9e66bc170e624') in 0.007230 seconds
  Import took 0.010158 seconds .

========================================================================
Received Import Request.
  Time since last request: 0.000550 seconds.
  path: Assets/Cartoon_Farm_Crops/Scenes
  artifactKey: Guid(2d31bdbebf440f642822ffc9caace8df) Importer(815301076,1909f56bfc062723c751e8b465ee728b)
Start importing Assets/Cartoon_Farm_Crops/Scenes using Guid(2d31bdbebf440f642822ffc9caace8df) Importer(815301076,1909f56bfc062723c751e8b465ee728b)  -> (artifact id: '04cfa2b5b8c2666c1cc9e66bc170e624') in 0.001758 seconds
  Import took 0.004312 seconds .

========================================================================
Received Import Request.
  Time since last request: 1.384791 seconds.
  path: Assets/Cartoon_Farm_Crops/Textures
  artifactKey: Guid(0c507a17684ab034a832844486d922e4) Importer(815301076,1909f56bfc062723c751e8b465ee728b)
Start importing Assets/Cartoon_Farm_Crops/Textures using Guid(0c507a17684ab034a832844486d922e4) Importer(815301076,1909f56bfc062723c751e8b465ee728b)  -> (artifact id: '4b304da2341d58e94a0583d21728e269') in 0.002541 seconds
  Import took 0.005889 seconds .

========================================================================
Received Prepare
Registering precompiled user dll's ...
Registered in 0.000658 seconds.
Begin MonoManager ReloadAssembly
Native extension for WindowsStandalone target not found
Refreshing native plugins compatible for Editor in 0.29 ms, found 0 plugins.
Preloading 0 native plugins for Editor in 0.00 ms.
Mono: successfully reloaded assembly
- Completed reload, in  0.724 seconds
Platform modules already initialized, skipping
Refreshing native plugins compatible for Editor in 0.37 ms, found 0 plugins.
Preloading 0 native plugins for Editor in 0.00 ms.
Unloading 1437 Unused Serialized files (Serialized files now loaded: 0)
System memory in use before: 73.0 MB.
System memory in use after: 73.1 MB.

Unloading 5 unused Assets to reduce memory usage. Loaded Objects now: 2007.
Total: 2.582555 ms (FindLiveObjects: 0.222718 ms CreateObjectMapping: 0.070818 ms MarkObjects: 2.222049 ms  DeleteObjects: 0.064917 ms)

