Using pre-set license
Built from '2020.3/staging' branch; Version is '2020.3.4f1 (0abb6314276a) revision 703331'; Using compiler version '192528614'; Build Type 'Release'
OS: 'Windows 7  (6.1.0) 64bit' Language: 'en' Physical Memory: 16384 MB
BatchMode: 1, IsHumanControllingUs: 0, StartBugReporterOnCrash: 0, Is64bit: 1, IsPro: 0

 COMMAND LINE ARGUMENTS:
E:\UnityVersions\2020.3.4f1\Editor\Unity.exe
-adb2
-batchMode
-noUpm
-name
AssetImportWorker0
-projectPath
C:/Users/user/Documents/GitHub/200138_BradleyWilliams_GX202_BiomeBasedFarming/GX202_SystemGame
-logFile
Logs/AssetImportWorker0.log
-srvPort
51367
Successfully changed project path to: C:/Users/user/Documents/GitHub/200138_BradleyWilliams_GX202_BiomeBasedFarming/GX202_SystemGame
C:/Users/user/Documents/GitHub/200138_BradleyWilliams_GX202_BiomeBasedFarming/GX202_SystemGame
Using Asset Import Pipeline V2.
Refreshing native plugins compatible for Editor in 22.73 ms, found 0 plugins.
Preloading 0 native plugins for Editor in 0.00 ms.
Initialize engine version: 2020.3.4f1 (0abb6314276a)
[Subsystems] Discovering subsystems at path E:/UnityVersions/2020.3.4f1/Editor/Data/Resources/UnitySubsystems
[Subsystems] Discovering subsystems at path C:/Users/user/Documents/GitHub/200138_BradleyWilliams_GX202_BiomeBasedFarming/GX202_SystemGame/Assets
GfxDevice: creating device client; threaded=0
d3d11: CreateDXGIFactory2(...) not found, fallbacking to CreateDXGIFactory1(...).
d3d11: QueryInterface(IDXGIFactory5) failed (80004002).
Direct3D:
    Version:  Direct3D 11.0 [level 11.0]
    Renderer: NVIDIA GeForce GTX 1660 (ID=0x2184)
    Vendor:   
    VRAM:     5983 MB
    Driver:   26.21.14.4614
Initialize mono
Mono path[0] = 'E:/UnityVersions/2020.3.4f1/Editor/Data/Managed'
Mono path[1] = 'E:/UnityVersions/2020.3.4f1/Editor/Data/MonoBleedingEdge/lib/mono/unityjit'
Mono config path = 'E:/UnityVersions/2020.3.4f1/Editor/Data/MonoBleedingEdge/etc'
Using monoOptions --debugger-agent=transport=dt_socket,embedding=1,server=y,suspend=n,address=127.0.0.1:56356
Begin MonoManager ReloadAssembly
Registering precompiled unity dll's ...
Register platform support module: E:/UnityVersions/2020.3.4f1/Editor/Data/PlaybackEngines/WindowsStandaloneSupport/UnityEditor.WindowsStandalone.Extensions.dll
Registered in 0.001072 seconds.
Native extension for WindowsStandalone target not found
Refreshing native plugins compatible for Editor in 25.92 ms, found 0 plugins.
Preloading 0 native plugins for Editor in 0.00 ms.
Mono: successfully reloaded assembly
- Completed reload, in  0.994 seconds
Platform modules already initialized, skipping
Registering precompiled user dll's ...
Registered in 0.000911 seconds.
Begin MonoManager ReloadAssembly
Native extension for WindowsStandalone target not found
Refreshing native plugins compatible for Editor in 0.31 ms, found 0 plugins.
Preloading 0 native plugins for Editor in 0.00 ms.
Mono: successfully reloaded assembly
- Completed reload, in  0.993 seconds
Platform modules already initialized, skipping
========================================================================
Worker process is ready to serve import requests
Launched and connected shader compiler UnityShaderCompiler.exe after 0.03 seconds
Refreshing native plugins compatible for Editor in 0.33 ms, found 0 plugins.
Preloading 0 native plugins for Editor in 0.00 ms.
Unloading 1123 Unused Serialized files (Serialized files now loaded: 0)
System memory in use before: 57.7 MB.
System memory in use after: 57.8 MB.

Unloading 10 unused Assets to reduce memory usage. Loaded Objects now: 1566.
Total: 2.617746 ms (FindLiveObjects: 0.193727 ms CreateObjectMapping: 0.050292 ms MarkObjects: 2.274170 ms  DeleteObjects: 0.097761 ms)

========================================================================
Received Import Request.
  path: Assets/Scripts/EndlessTerrain.cs
  artifactKey: Guid(bfdba29b84061fb4ea2e101844b89476) Importer(815301076,1909f56bfc062723c751e8b465ee728b)
Start importing Assets/Scripts/EndlessTerrain.cs using Guid(bfdba29b84061fb4ea2e101844b89476) Importer(815301076,1909f56bfc062723c751e8b465ee728b)  -> (artifact id: '6f37bf15338428add4bea6cdbc4a9edb') in 0.021711 seconds
  Import took 0.023903 seconds .

========================================================================
Received Prepare
Registering precompiled user dll's ...
Registered in 0.000488 seconds.
Begin MonoManager ReloadAssembly
Native extension for WindowsStandalone target not found
Refreshing native plugins compatible for Editor in 0.21 ms, found 0 plugins.
Preloading 0 native plugins for Editor in 0.00 ms.
Mono: successfully reloaded assembly
- Completed reload, in  0.635 seconds
Platform modules already initialized, skipping
Refreshing native plugins compatible for Editor in 0.22 ms, found 0 plugins.
Preloading 0 native plugins for Editor in 0.00 ms.
Unloading 1118 Unused Serialized files (Serialized files now loaded: 0)
System memory in use before: 57.7 MB.
System memory in use after: 57.7 MB.

Unloading 5 unused Assets to reduce memory usage. Loaded Objects now: 1569.
Total: 1.576241 ms (FindLiveObjects: 0.139842 ms CreateObjectMapping: 0.033613 ms MarkObjects: 1.331196 ms  DeleteObjects: 0.070306 ms)

========================================================================
Received Import Request.
  Time since last request: 159.254345 seconds.
  path: Assets/Scripts/EndlessTerrain.cs
  artifactKey: Guid(bfdba29b84061fb4ea2e101844b89476) Importer(815301076,1909f56bfc062723c751e8b465ee728b)
Start importing Assets/Scripts/EndlessTerrain.cs using Guid(bfdba29b84061fb4ea2e101844b89476) Importer(815301076,1909f56bfc062723c751e8b465ee728b)  -> (artifact id: '76e3ef11130f564c756a7255b0e7ace7') in 0.004895 seconds
  Import took 0.006810 seconds .

========================================================================
Received Prepare
Registering precompiled user dll's ...
Registered in 0.000565 seconds.
Begin MonoManager ReloadAssembly
Native extension for WindowsStandalone target not found
Refreshing native plugins compatible for Editor in 0.22 ms, found 0 plugins.
Preloading 0 native plugins for Editor in 0.00 ms.
Mono: successfully reloaded assembly
- Completed reload, in  0.625 seconds
Platform modules already initialized, skipping
Refreshing native plugins compatible for Editor in 0.22 ms, found 0 plugins.
Preloading 0 native plugins for Editor in 0.00 ms.
Unloading 1118 Unused Serialized files (Serialized files now loaded: 0)
System memory in use before: 57.7 MB.
System memory in use after: 57.7 MB.

Unloading 5 unused Assets to reduce memory usage. Loaded Objects now: 1572.
Total: 1.669641 ms (FindLiveObjects: 0.131631 ms CreateObjectMapping: 0.054141 ms MarkObjects: 1.416128 ms  DeleteObjects: 0.066714 ms)

========================================================================
Received Prepare
Registering precompiled user dll's ...
Registered in 0.000518 seconds.
Begin MonoManager ReloadAssembly
Native extension for WindowsStandalone target not found
Refreshing native plugins compatible for Editor in 0.24 ms, found 0 plugins.
Preloading 0 native plugins for Editor in 0.00 ms.
Mono: successfully reloaded assembly
- Completed reload, in  0.629 seconds
Platform modules already initialized, skipping
Refreshing native plugins compatible for Editor in 0.33 ms, found 0 plugins.
Preloading 0 native plugins for Editor in 0.00 ms.
Unloading 1118 Unused Serialized files (Serialized files now loaded: 0)
System memory in use before: 57.7 MB.
System memory in use after: 57.8 MB.

Unloading 5 unused Assets to reduce memory usage. Loaded Objects now: 1575.
Total: 1.970109 ms (FindLiveObjects: 0.170633 ms CreateObjectMapping: 0.079030 ms MarkObjects: 1.621145 ms  DeleteObjects: 0.098531 ms)

========================================================================
Received Prepare
Registering precompiled user dll's ...
Registered in 0.000451 seconds.
Begin MonoManager ReloadAssembly
Native extension for WindowsStandalone target not found
Refreshing native plugins compatible for Editor in 0.25 ms, found 0 plugins.
Preloading 0 native plugins for Editor in 0.00 ms.
Mono: successfully reloaded assembly
- Completed reload, in  0.621 seconds
Platform modules already initialized, skipping
Refreshing native plugins compatible for Editor in 0.22 ms, found 0 plugins.
Preloading 0 native plugins for Editor in 0.00 ms.
Unloading 1118 Unused Serialized files (Serialized files now loaded: 0)
System memory in use before: 57.7 MB.
System memory in use after: 57.8 MB.

Unloading 5 unused Assets to reduce memory usage. Loaded Objects now: 1578.
Total: 1.535187 ms (FindLiveObjects: 0.184489 ms CreateObjectMapping: 0.043877 ms MarkObjects: 1.224968 ms  DeleteObjects: 0.080570 ms)

========================================================================
Received Prepare
Registering precompiled user dll's ...
Registered in 0.000561 seconds.
Begin MonoManager ReloadAssembly
Native extension for WindowsStandalone target not found
Refreshing native plugins compatible for Editor in 0.27 ms, found 0 plugins.
Preloading 0 native plugins for Editor in 0.00 ms.
Mono: successfully reloaded assembly
- Completed reload, in  0.642 seconds
Platform modules already initialized, skipping
Refreshing native plugins compatible for Editor in 0.24 ms, found 0 plugins.
Preloading 0 native plugins for Editor in 0.00 ms.
Unloading 1118 Unused Serialized files (Serialized files now loaded: 0)
System memory in use before: 57.7 MB.
System memory in use after: 57.8 MB.

Unloading 5 unused Assets to reduce memory usage. Loaded Objects now: 1581.
Total: 1.757395 ms (FindLiveObjects: 0.166528 ms CreateObjectMapping: 0.075694 ms MarkObjects: 1.443840 ms  DeleteObjects: 0.070819 ms)

========================================================================
Received Prepare
Registering precompiled user dll's ...
Registered in 0.000519 seconds.
Begin MonoManager ReloadAssembly
Native extension for WindowsStandalone target not found
Refreshing native plugins compatible for Editor in 0.22 ms, found 0 plugins.
Preloading 0 native plugins for Editor in 0.00 ms.
Mono: successfully reloaded assembly
- Completed reload, in  0.629 seconds
Platform modules already initialized, skipping
Refreshing native plugins compatible for Editor in 0.22 ms, found 0 plugins.
Preloading 0 native plugins for Editor in 0.00 ms.
Unloading 1118 Unused Serialized files (Serialized files now loaded: 0)
System memory in use before: 57.7 MB.
System memory in use after: 57.8 MB.

Unloading 5 unused Assets to reduce memory usage. Loaded Objects now: 1584.
Total: 1.704024 ms (FindLiveObjects: 0.114183 ms CreateObjectMapping: 0.032331 ms MarkObjects: 1.488230 ms  DeleteObjects: 0.068253 ms)

========================================================================
Received Import Request.
  Time since last request: 897.499404 seconds.
  path: Assets/Scripts/NoiseMapGenerator.cs
  artifactKey: Guid(ab11b331a6374a843811732063945de7) Importer(815301076,1909f56bfc062723c751e8b465ee728b)
Start importing Assets/Scripts/NoiseMapGenerator.cs using Guid(ab11b331a6374a843811732063945de7) Importer(815301076,1909f56bfc062723c751e8b465ee728b)  -> (artifact id: '4b08dd55ed510a843bcaf6baa67a2100') in 0.005799 seconds
  Import took 0.007792 seconds .

========================================================================
Received Import Request.
  Time since last request: 1205.831188 seconds.
  path: Assets/Scripts/NoiseMapGenerator.cs
  artifactKey: Guid(ab11b331a6374a843811732063945de7) Importer(815301076,1909f56bfc062723c751e8b465ee728b)
Start importing Assets/Scripts/NoiseMapGenerator.cs using Guid(ab11b331a6374a843811732063945de7) Importer(815301076,1909f56bfc062723c751e8b465ee728b)  -> (artifact id: 'ca8e497beeacf67bc900ed0f94c6fbc7') in 0.002312 seconds
  Import took 0.004548 seconds .

========================================================================
Received Prepare
Registering precompiled user dll's ...
Registered in 0.000563 seconds.
Begin MonoManager ReloadAssembly
Native extension for WindowsStandalone target not found
Refreshing native plugins compatible for Editor in 0.27 ms, found 0 plugins.
Preloading 0 native plugins for Editor in 0.00 ms.
Mono: successfully reloaded assembly
- Completed reload, in  0.637 seconds
Platform modules already initialized, skipping
Refreshing native plugins compatible for Editor in 0.22 ms, found 0 plugins.
Preloading 0 native plugins for Editor in 0.00 ms.
Unloading 1118 Unused Serialized files (Serialized files now loaded: 0)
System memory in use before: 57.7 MB.
System memory in use after: 57.8 MB.

Unloading 5 unused Assets to reduce memory usage. Loaded Objects now: 1587.
Total: 1.953944 ms (FindLiveObjects: 0.161653 ms CreateObjectMapping: 0.076721 ms MarkObjects: 1.630125 ms  DeleteObjects: 0.084932 ms)

========================================================================
Received Prepare
Registering precompiled user dll's ...
Registered in 0.000471 seconds.
Begin MonoManager ReloadAssembly
Native extension for WindowsStandalone target not found
Refreshing native plugins compatible for Editor in 0.22 ms, found 0 plugins.
Preloading 0 native plugins for Editor in 0.00 ms.
Mono: successfully reloaded assembly
- Completed reload, in  0.628 seconds
Platform modules already initialized, skipping
Refreshing native plugins compatible for Editor in 0.22 ms, found 0 plugins.
Preloading 0 native plugins for Editor in 0.00 ms.
Unloading 1118 Unused Serialized files (Serialized files now loaded: 0)
System memory in use before: 57.7 MB.
System memory in use after: 57.8 MB.

Unloading 5 unused Assets to reduce memory usage. Loaded Objects now: 1590.
Total: 1.768941 ms (FindLiveObjects: 0.152672 ms CreateObjectMapping: 0.072615 ms MarkObjects: 1.491310 ms  DeleteObjects: 0.052088 ms)

========================================================================
Received Prepare
Registering precompiled user dll's ...
Registered in 0.000963 seconds.
Begin MonoManager ReloadAssembly
Native extension for WindowsStandalone target not found
Refreshing native plugins compatible for Editor in 0.23 ms, found 0 plugins.
Preloading 0 native plugins for Editor in 0.00 ms.
Mono: successfully reloaded assembly
- Completed reload, in  0.649 seconds
Platform modules already initialized, skipping
Refreshing native plugins compatible for Editor in 0.22 ms, found 0 plugins.
Preloading 0 native plugins for Editor in 0.00 ms.
Unloading 1118 Unused Serialized files (Serialized files now loaded: 0)
System memory in use before: 57.7 MB.
System memory in use after: 57.8 MB.

Unloading 5 unused Assets to reduce memory usage. Loaded Objects now: 1593.
Total: 1.864650 ms (FindLiveObjects: 0.155238 ms CreateObjectMapping: 0.090577 ms MarkObjects: 1.553405 ms  DeleteObjects: 0.064404 ms)

========================================================================
Received Prepare
Registering precompiled user dll's ...
Registered in 0.000511 seconds.
Begin MonoManager ReloadAssembly
Native extension for WindowsStandalone target not found
Refreshing native plugins compatible for Editor in 0.31 ms, found 0 plugins.
Preloading 0 native plugins for Editor in 0.00 ms.
Mono: successfully reloaded assembly
- Completed reload, in  0.645 seconds
Platform modules already initialized, skipping
Refreshing native plugins compatible for Editor in 0.21 ms, found 0 plugins.
Preloading 0 native plugins for Editor in 0.00 ms.
Unloading 1118 Unused Serialized files (Serialized files now loaded: 0)
System memory in use before: 57.7 MB.
System memory in use after: 57.8 MB.

Unloading 5 unused Assets to reduce memory usage. Loaded Objects now: 1596.
Total: 1.726347 ms (FindLiveObjects: 0.107768 ms CreateObjectMapping: 0.034127 ms MarkObjects: 1.515429 ms  DeleteObjects: 0.068510 ms)

========================================================================
Received Import Request.
  Time since last request: 1080.690038 seconds.
  path: Assets/Materials/Mesh Mat.mat
  artifactKey: Guid(893b49794cc520e499dc0c387c573d11) Importer(815301076,1909f56bfc062723c751e8b465ee728b)
Start importing Assets/Materials/Mesh Mat.mat using Guid(893b49794cc520e499dc0c387c573d11) Importer(815301076,1909f56bfc062723c751e8b465ee728b)  -> (artifact id: '86ff2fd35b8c983311df35da1745242b') in 0.104733 seconds
  Import took 0.107278 seconds .

========================================================================
Received Prepare
Registering precompiled user dll's ...
Registered in 0.000565 seconds.
Begin MonoManager ReloadAssembly
Native extension for WindowsStandalone target not found
Refreshing native plugins compatible for Editor in 0.22 ms, found 0 plugins.
Preloading 0 native plugins for Editor in 0.00 ms.
Mono: successfully reloaded assembly
- Completed reload, in  0.635 seconds
Platform modules already initialized, skipping
Refreshing native plugins compatible for Editor in 0.22 ms, found 0 plugins.
Preloading 0 native plugins for Editor in 0.00 ms.
Unloading 1118 Unused Serialized files (Serialized files now loaded: 0)
System memory in use before: 61.1 MB.
System memory in use after: 61.1 MB.

Unloading 5 unused Assets to reduce memory usage. Loaded Objects now: 1639.
Total: 1.817437 ms (FindLiveObjects: 0.193983 ms CreateObjectMapping: 0.055680 ms MarkObjects: 1.491566 ms  DeleteObjects: 0.075181 ms)

========================================================================
Received Prepare
Registering precompiled user dll's ...
Registered in 0.000516 seconds.
Begin MonoManager ReloadAssembly
Native extension for WindowsStandalone target not found
Refreshing native plugins compatible for Editor in 0.22 ms, found 0 plugins.
Preloading 0 native plugins for Editor in 0.00 ms.
Mono: successfully reloaded assembly
- Completed reload, in  0.633 seconds
Platform modules already initialized, skipping
Refreshing native plugins compatible for Editor in 0.21 ms, found 0 plugins.
Preloading 0 native plugins for Editor in 0.00 ms.
Unloading 1118 Unused Serialized files (Serialized files now loaded: 0)
System memory in use before: 61.1 MB.
System memory in use after: 61.1 MB.

Unloading 5 unused Assets to reduce memory usage. Loaded Objects now: 1642.
Total: 2.437875 ms (FindLiveObjects: 0.138303 ms CreateObjectMapping: 0.047726 ms MarkObjects: 2.176922 ms  DeleteObjects: 0.073898 ms)

========================================================================
Received Prepare
Registering precompiled user dll's ...
Registered in 0.000528 seconds.
Begin MonoManager ReloadAssembly
Native extension for WindowsStandalone target not found
Refreshing native plugins compatible for Editor in 0.22 ms, found 0 plugins.
Preloading 0 native plugins for Editor in 0.00 ms.
Mono: successfully reloaded assembly
- Completed reload, in  0.620 seconds
Platform modules already initialized, skipping
Refreshing native plugins compatible for Editor in 0.21 ms, found 0 plugins.
Preloading 0 native plugins for Editor in 0.00 ms.
Unloading 1118 Unused Serialized files (Serialized files now loaded: 0)
System memory in use before: 61.1 MB.
System memory in use after: 61.1 MB.

Unloading 5 unused Assets to reduce memory usage. Loaded Objects now: 1645.
Total: 1.616270 ms (FindLiveObjects: 0.123164 ms CreateObjectMapping: 0.033613 ms MarkObjects: 1.389956 ms  DeleteObjects: 0.068767 ms)

========================================================================
Received Import Request.
  Time since last request: 420.417587 seconds.
  path: Assets/Scripts/NoiseMapGenerator.cs
  artifactKey: Guid(ab11b331a6374a843811732063945de7) Importer(815301076,1909f56bfc062723c751e8b465ee728b)
Start importing Assets/Scripts/NoiseMapGenerator.cs using Guid(ab11b331a6374a843811732063945de7) Importer(815301076,1909f56bfc062723c751e8b465ee728b)  -> (artifact id: '58e582883052a7355cf34f5ddb032d55') in 0.004722 seconds
  Import took 0.006861 seconds .

========================================================================
Received Import Request.
  Time since last request: 0.490509 seconds.
  path: Assets/Scripts/Noise.cs
  artifactKey: Guid(26705d0049e4c1c4098c868859cbafed) Importer(815301076,1909f56bfc062723c751e8b465ee728b)
Start importing Assets/Scripts/Noise.cs using Guid(26705d0049e4c1c4098c868859cbafed) Importer(815301076,1909f56bfc062723c751e8b465ee728b)  -> (artifact id: '2b30b7ad746f9264515f8b4e0d3dc036') in 0.002378 seconds
  Import took 0.004458 seconds .

========================================================================
Received Prepare
Registering precompiled user dll's ...
Registered in 0.000635 seconds.
Begin MonoManager ReloadAssembly
Native extension for WindowsStandalone target not found
Refreshing native plugins compatible for Editor in 0.24 ms, found 0 plugins.
Preloading 0 native plugins for Editor in 0.00 ms.
Mono: successfully reloaded assembly
- Completed reload, in  0.647 seconds
Platform modules already initialized, skipping
Refreshing native plugins compatible for Editor in 0.22 ms, found 0 plugins.
Preloading 0 native plugins for Editor in 0.00 ms.
Unloading 1118 Unused Serialized files (Serialized files now loaded: 0)
System memory in use before: 61.1 MB.
System memory in use after: 61.2 MB.

Unloading 5 unused Assets to reduce memory usage. Loaded Objects now: 1648.
Total: 1.866190 ms (FindLiveObjects: 0.158830 ms CreateObjectMapping: 0.072102 ms MarkObjects: 1.543141 ms  DeleteObjects: 0.091347 ms)

========================================================================
Received Import Request.
  Time since last request: 134.086370 seconds.
  path: Assets/Scripts/MeshGenerator.cs
  artifactKey: Guid(1b126736c6f7a4b4986bbfb371d756b7) Importer(815301076,1909f56bfc062723c751e8b465ee728b)
Start importing Assets/Scripts/MeshGenerator.cs using Guid(1b126736c6f7a4b4986bbfb371d756b7) Importer(815301076,1909f56bfc062723c751e8b465ee728b)  -> (artifact id: '5d13fdeb7ebf1a50efa04751eda0c7f5') in 0.004404 seconds
  Import took 0.006360 seconds .

========================================================================
Received Prepare
Registering precompiled user dll's ...
Registered in 0.000831 seconds.
Begin MonoManager ReloadAssembly
Native extension for WindowsStandalone target not found
Refreshing native plugins compatible for Editor in 0.24 ms, found 0 plugins.
Preloading 0 native plugins for Editor in 0.00 ms.
Mono: successfully reloaded assembly
- Completed reload, in  0.641 seconds
Platform modules already initialized, skipping
Refreshing native plugins compatible for Editor in 0.21 ms, found 0 plugins.
Preloading 0 native plugins for Editor in 0.00 ms.
Unloading 1118 Unused Serialized files (Serialized files now loaded: 0)
System memory in use before: 61.1 MB.
System memory in use after: 61.2 MB.

Unloading 5 unused Assets to reduce memory usage. Loaded Objects now: 1651.
Total: 1.920074 ms (FindLiveObjects: 0.127526 ms CreateObjectMapping: 0.035923 ms MarkObjects: 1.711978 ms  DeleteObjects: 0.043877 ms)

========================================================================
Received Import Request.
  Time since last request: 192.261983 seconds.
  path: Assets/Scripts/EndlessTerrain.cs
  artifactKey: Guid(bfdba29b84061fb4ea2e101844b89476) Importer(815301076,1909f56bfc062723c751e8b465ee728b)
Start importing Assets/Scripts/EndlessTerrain.cs using Guid(bfdba29b84061fb4ea2e101844b89476) Importer(815301076,1909f56bfc062723c751e8b465ee728b)  -> (artifact id: '5b8cb45896d5726ac3ac58b492c1ede0') in 0.003958 seconds
  Import took 0.006065 seconds .

========================================================================
Received Import Request.
  Time since last request: 0.002770 seconds.
  path: Assets/Scripts/EndlessTerrain.cs
  artifactKey: Guid(bfdba29b84061fb4ea2e101844b89476) Importer(815301076,1909f56bfc062723c751e8b465ee728b)
Start importing Assets/Scripts/EndlessTerrain.cs using Guid(bfdba29b84061fb4ea2e101844b89476) Importer(815301076,1909f56bfc062723c751e8b465ee728b)  -> (artifact id: '5b8cb45896d5726ac3ac58b492c1ede0') in 0.001602 seconds
  Import took 0.003512 seconds .

========================================================================
Received Prepare
Registering precompiled user dll's ...
Registered in 0.000488 seconds.
Begin MonoManager ReloadAssembly
Native extension for WindowsStandalone target not found
Refreshing native plugins compatible for Editor in 0.26 ms, found 0 plugins.
Preloading 0 native plugins for Editor in 0.00 ms.
Mono: successfully reloaded assembly
- Completed reload, in  0.624 seconds
Platform modules already initialized, skipping
Refreshing native plugins compatible for Editor in 0.22 ms, found 0 plugins.
Preloading 0 native plugins for Editor in 0.00 ms.
Unloading 1118 Unused Serialized files (Serialized files now loaded: 0)
System memory in use before: 61.1 MB.
System memory in use after: 61.2 MB.

Unloading 5 unused Assets to reduce memory usage. Loaded Objects now: 1654.
Total: 1.942910 ms (FindLiveObjects: 0.174226 ms CreateObjectMapping: 0.071846 ms MarkObjects: 1.606262 ms  DeleteObjects: 0.089807 ms)

========================================================================
Received Import Request.
  Time since last request: 640.741240 seconds.
  path: Assets/Editors
  artifactKey: Guid(e3276ced0ed34a445bb5e9b5c6eb0ed9) Importer(815301076,1909f56bfc062723c751e8b465ee728b)
Start importing Assets/Editors using Guid(e3276ced0ed34a445bb5e9b5c6eb0ed9) Importer(815301076,1909f56bfc062723c751e8b465ee728b)  -> (artifact id: '4f3ef1c75531587ee1d44e31c2131917') in 0.005218 seconds
  Import took 0.007801 seconds .

========================================================================
Received Import Request.
  Time since last request: 0.000590 seconds.
  path: Assets/Editors
  artifactKey: Guid(e3276ced0ed34a445bb5e9b5c6eb0ed9) Importer(815301076,1909f56bfc062723c751e8b465ee728b)
Start importing Assets/Editors using Guid(e3276ced0ed34a445bb5e9b5c6eb0ed9) Importer(815301076,1909f56bfc062723c751e8b465ee728b)  -> (artifact id: '4f3ef1c75531587ee1d44e31c2131917') in 0.002126 seconds
  Import took 0.004081 seconds .

========================================================================
Received Import Request.
  Time since last request: 0.753537 seconds.
  path: Assets/Editors/MapGeneratorEditor.cs
  artifactKey: Guid(dad584cfae563414bbd0509a44cd6210) Importer(815301076,1909f56bfc062723c751e8b465ee728b)
Start importing Assets/Editors/MapGeneratorEditor.cs using Guid(dad584cfae563414bbd0509a44cd6210) Importer(815301076,1909f56bfc062723c751e8b465ee728b)  -> (artifact id: '91dd40be929c391793858577cc1801fc') in 0.002513 seconds
  Import took 0.004668 seconds .

========================================================================
Received Prepare
Registering precompiled user dll's ...
Registered in 0.000581 seconds.
Begin MonoManager ReloadAssembly
Native extension for WindowsStandalone target not found
Refreshing native plugins compatible for Editor in 0.30 ms, found 0 plugins.
Preloading 0 native plugins for Editor in 0.00 ms.
Mono: successfully reloaded assembly
- Completed reload, in  0.682 seconds
Platform modules already initialized, skipping
Refreshing native plugins compatible for Editor in 0.22 ms, found 0 plugins.
Preloading 0 native plugins for Editor in 0.00 ms.
Unloading 1118 Unused Serialized files (Serialized files now loaded: 0)
System memory in use before: 61.1 MB.
System memory in use after: 61.2 MB.

Unloading 5 unused Assets to reduce memory usage. Loaded Objects now: 1657.
Total: 2.268012 ms (FindLiveObjects: 0.178844 ms CreateObjectMapping: 0.041311 ms MarkObjects: 1.961128 ms  DeleteObjects: 0.085702 ms)

AssetImportWorkerClient::OnTransportError - code=2 error=End of file
